{
    "runDate": "2019-10-18T01:32:15.956Z",
    "runOptions": {
        "analyzer": [
            "dynamic",
            "tajs"
        ],
        "entry": "index.html",
        "destination": "lacunaWebPages8/www.booking.com/www.booking.com/2",
        "logfile": "lacuna.log",
        "timeout": null,
        "olevel": 2,
        "force": false,
        "normalizeOnly": false,
        "assumeNormalization": false,
        "directory": "lacunaWebPages8/www.booking.com/www.booking.com/2"
    },
    "graphStats": {
        "connectedNodes": 1,
        "disconnectedNodes": 1,
        "nodes": 2,
        "files": 2
    },
    "deadFunctions": [
        {
            "type": "FunctionExpression",
            "range": [
                127,
                208
            ],
            "bodyRange": [
                138,
                208
            ],
            "file": "lacuna_cache/exported_hwv02y.js",
            "index": 0,
            "start": {
                "line": 5,
                "column": 29
            },
            "functionName": null
        }
    ],
    "aliveFunctions": [
        {
            "type": "FunctionExpression",
            "range": [
                20,
                219
            ],
            "bodyRange": [
                31,
                219
            ],
            "file": "lacuna_cache/exported_hwv02y.js",
            "index": 1,
            "start": {
                "line": 3,
                "column": 9
            },
            "functionName": null
        }
    ],
    "allFunctions": [
        {
            "type": "FunctionExpression",
            "range": [
                127,
                208
            ],
            "bodyRange": [
                138,
                208
            ],
            "file": "lacuna_cache/exported_hwv02y.js",
            "index": 0,
            "start": {
                "line": 5,
                "column": 29
            },
            "functionName": null
        },
        {
            "type": "FunctionExpression",
            "range": [
                20,
                219
            ],
            "bodyRange": [
                31,
                219
            ],
            "file": "lacuna_cache/exported_hwv02y.js",
            "index": 1,
            "start": {
                "line": 3,
                "column": 9
            },
            "functionName": null
        }
    ],
    "affectedFiles": [
        {
            "file": "lacuna_cache/exported_hwv02y.js",
            "type": "rootNode",
            "range": [
                null,
                null
            ]
        },
        {
            "file": "lacuna_cache/exported_ckjzf2.js",
            "range": [
                null,
                null
            ]
        }
    ]
}