{
    "runDate": "2019-10-09T21:19:31.695Z",
    "runOptions": {
        "analyzer": [
            "dynamic",
            "tajs"
        ],
        "entry": "index.html",
        "destination": "lacunaWebPages1/www.nih.gov/2",
        "logfile": "lacuna.log",
        "timeout": null,
        "olevel": 2,
        "force": false,
        "normalizeOnly": false,
        "assumeNormalization": false,
        "directory": "lacunaWebPages1/www.nih.gov/2"
    },
    "graphStats": {
        "connectedNodes": 0,
        "disconnectedNodes": 0,
        "nodes": 0,
        "files": 0
    },
    "deadFunctions": [],
    "aliveFunctions": [],
    "allFunctions": [],
    "affectedFiles": []
}