{
    "runDate": "2019-10-18T02:21:46.577Z",
    "runOptions": {
        "analyzer": [
            "dynamic",
            "tajs"
        ],
        "entry": "index.html",
        "destination": "lacunaWebPages8/www.okezone.com/www.okezone.com/2",
        "logfile": "lacuna.log",
        "timeout": null,
        "olevel": 2,
        "force": false,
        "normalizeOnly": false,
        "assumeNormalization": false,
        "directory": "lacunaWebPages8/www.okezone.com/www.okezone.com/2"
    },
    "graphStats": {
        "connectedNodes": 2,
        "disconnectedNodes": 0,
        "nodes": 2,
        "files": 1
    },
    "deadFunctions": [],
    "aliveFunctions": [
        {
            "type": "FunctionExpression",
            "range": [
                11,
                565
            ],
            "bodyRange": [
                41,
                565
            ],
            "file": "lacuna_cache/exported_m3kcae.js",
            "index": 1,
            "start": {
                "line": 2,
                "column": 10
            },
            "functionName": null
        },
        {
            "type": "FunctionExpression",
            "range": [
                98,
                234
            ],
            "bodyRange": [
                109,
                234
            ],
            "file": "lacuna_cache/exported_m3kcae.js",
            "index": 0,
            "start": {
                "line": 4,
                "column": 24
            },
            "functionName": null
        }
    ],
    "allFunctions": [
        {
            "type": "FunctionExpression",
            "range": [
                98,
                234
            ],
            "bodyRange": [
                109,
                234
            ],
            "file": "lacuna_cache/exported_m3kcae.js",
            "index": 0,
            "start": {
                "line": 4,
                "column": 24
            },
            "functionName": null
        },
        {
            "type": "FunctionExpression",
            "range": [
                11,
                565
            ],
            "bodyRange": [
                41,
                565
            ],
            "file": "lacuna_cache/exported_m3kcae.js",
            "index": 1,
            "start": {
                "line": 2,
                "column": 10
            },
            "functionName": null
        }
    ],
    "affectedFiles": [
        {
            "file": "lacuna_cache/exported_m3kcae.js",
            "type": "rootNode",
            "range": [
                null,
                null
            ]
        }
    ]
}