{
    "runDate": "2019-10-10T14:09:57.476Z",
    "runOptions": {
        "analyzer": [
            "dynamic",
            "tajs"
        ],
        "entry": "overseas.html",
        "destination": "lacunaWebPages2/m.weibo.cn/m.weibo.cn/0",
        "logfile": "lacuna.log",
        "timeout": null,
        "olevel": 0,
        "force": false,
        "normalizeOnly": false,
        "assumeNormalization": false,
        "directory": "lacunaWebPages2/m.weibo.cn/m.weibo.cn/0"
    },
    "graphStats": {
        "connectedNodes": 0,
        "disconnectedNodes": 0,
        "nodes": 0,
        "files": 0
    },
    "deadFunctions": [],
    "aliveFunctions": [],
    "allFunctions": [],
    "affectedFiles": []
}