{
    "runDate": "2019-10-09T04:13:46.716Z",
    "runOptions": {
        "analyzer": [
            "dynamic",
            "tajs"
        ],
        "entry": "index.html",
        "destination": "lacunaWebPages/www.bing.com/3",
        "logfile": "lacuna.log",
        "timeout": null,
        "olevel": 3,
        "force": false,
        "normalizeOnly": false,
        "assumeNormalization": false,
        "directory": "lacunaWebPages/www.bing.com/3"
    },
    "graphStats": {
        "connectedNodes": 0,
        "disconnectedNodes": 0,
        "nodes": 0,
        "files": 0
    },
    "deadFunctions": [],
    "aliveFunctions": [],
    "allFunctions": [],
    "affectedFiles": []
}